build/app/intermediates/manifest_merge_blame_file/release/manifest-merger-blame-release-report.txt
1<?xml version="1.0" encoding="utf-8"?>
2<manifest xmlns:android="http://schemas.android.com/apk/res/android"
3    package="com.be.desistore"
4    android:versionCode="9"
5    android:versionName="1.0.8" >
6
7    <uses-sdk
8        android:minSdkVersion="21"
8-->src/main/AndroidManifest.xml
9        android:targetSdkVersion="30" />
9-->src/main/AndroidManifest.xml
10
11    <uses-permission android:name="android.permission.INTERNET" />
11-->src/main/AndroidManifest.xml:3:5-66
11-->src/main/AndroidManifest.xml:3:22-64
12    <uses-permission android:name="android.permission.WRITE_EXTERNAL_STORAGE" />
12-->src/main/AndroidManifest.xml:4:5-81
12-->src/main/AndroidManifest.xml:4:22-78
13    <uses-permission android:name="android.permission.QUERY_ALL_PACKAGES" />
13-->src/main/AndroidManifest.xml:5:5-76
13-->src/main/AndroidManifest.xml:5:22-74
14
15    <queries>
15-->src/main/AndroidManifest.xml:6:5-15:15
16        <intent>
16-->src/main/AndroidManifest.xml:7:9-10:18
17            <action android:name="android.intent.action.VIEW" />
17-->src/main/AndroidManifest.xml:8:13-65
17-->src/main/AndroidManifest.xml:8:21-62
18
19            <data android:scheme="https" />
19-->src/main/AndroidManifest.xml:9:13-44
19-->src/main/AndroidManifest.xml:9:19-41
20        </intent>
21        <intent>
21-->src/main/AndroidManifest.xml:11:9-14:18
22            <action android:name="android.intent.action.DIAL" />
22-->src/main/AndroidManifest.xml:12:13-65
22-->src/main/AndroidManifest.xml:12:21-62
23
24            <data android:scheme="tel" />
24-->src/main/AndroidManifest.xml:9:13-44
24-->src/main/AndroidManifest.xml:9:19-41
25        </intent>
26    </queries>
27    <queries>
27-->src/main/AndroidManifest.xml:6:5-15:15
28        <package android:name="com.facebook.katana" />
28-->src/main/AndroidManifest.xml:73:9-55
28-->src/main/AndroidManifest.xml:73:18-52
29    </queries>
30
31    <uses-permission android:name="android.permission.ACCESS_NETWORK_STATE" />
31-->[com.google.firebase:firebase-auth:21.0.1] AndroidManifest.xml:24:5-79
31-->[com.google.firebase:firebase-auth:21.0.1] AndroidManifest.xml:24:22-76
32    <uses-permission android:name="android.permission.WAKE_LOCK" />
32-->[com.google.android.gms:play-services-measurement-api:19.0.1] AndroidManifest.xml:24:5-68
32-->[com.google.android.gms:play-services-measurement-api:19.0.1] AndroidManifest.xml:24:22-65
33    <uses-permission android:name="com.google.android.finsky.permission.BIND_GET_INSTALL_REFERRER_SERVICE" />
33-->[com.google.android.gms:play-services-measurement:19.0.1] AndroidManifest.xml:26:5-110
33-->[com.google.android.gms:play-services-measurement:19.0.1] AndroidManifest.xml:26:22-107
34
35    <application
35-->src/main/AndroidManifest.xml:16:4-71:18
36        android:appComponentFactory="androidx.core.app.CoreComponentFactory"
36-->[androidx.core:core:1.3.2] AndroidManifest.xml:24:18-86
37        android:icon="@mipmap/bedesistoreicon"
37-->src/main/AndroidManifest.xml:18:9-47
38        android:label="BeDesiStore"
38-->src/main/AndroidManifest.xml:17:9-36
39        android:supportsRtl="true"
39-->[com.facebook.android:facebook-android-sdk:5.15.3] AndroidManifest.xml:28:18-44
40        android:usesCleartextTraffic="true" >
40-->src/main/AndroidManifest.xml:19:9-44
41        <activity
41-->src/main/AndroidManifest.xml:20:9-48:20
42            android:name="com.be.desistore.MainActivity"
42-->src/main/AndroidManifest.xml:21:13-41
43            android:configChanges="orientation|keyboardHidden|keyboard|screenSize|smallestScreenSize|locale|layoutDirection|fontScale|screenLayout|density|uiMode"
43-->src/main/AndroidManifest.xml:24:13-163
44            android:hardwareAccelerated="true"
44-->src/main/AndroidManifest.xml:25:13-47
45            android:launchMode="singleTop"
45-->src/main/AndroidManifest.xml:22:13-43
46            android:theme="@style/LaunchTheme"
46-->src/main/AndroidManifest.xml:23:13-47
47            android:windowSoftInputMode="adjustResize" >
47-->src/main/AndroidManifest.xml:26:13-55
48
49            <!--
50                 Specifies an Android theme to apply to this Activity as soon as
51                 the Android process has started. This theme is visible to the user
52                 while the Flutter UI initializes. After that, this theme continues
53                 to determine the Window background behind the Flutter UI.
54            -->
55            <meta-data
55-->src/main/AndroidManifest.xml:31:13-34:17
56                android:name="io.flutter.embedding.android.NormalTheme"
56-->src/main/AndroidManifest.xml:32:15-70
57                android:resource="@style/NormalTheme" />
57-->src/main/AndroidManifest.xml:33:15-52
58            <!--
59                 Displays an Android View that continues showing the launch screen
60                 Drawable until Flutter paints its first frame, then this splash
61                 screen fades out. A splash screen is useful to avoid any visual
62                 gap between the end of Android's launch screen and the painting of
63                 Flutter's first frame.
64            -->
65            <meta-data
65-->src/main/AndroidManifest.xml:40:13-43:17
66                android:name="io.flutter.embedding.android.SplashScreenDrawable"
66-->src/main/AndroidManifest.xml:41:15-79
67                android:resource="@drawable/launch_background" />
67-->src/main/AndroidManifest.xml:42:15-61
68
69            <intent-filter>
69-->src/main/AndroidManifest.xml:44:13-47:29
70                <action android:name="android.intent.action.MAIN" />
70-->src/main/AndroidManifest.xml:45:17-68
70-->src/main/AndroidManifest.xml:45:25-66
71
72                <category android:name="android.intent.category.LAUNCHER" />
72-->src/main/AndroidManifest.xml:46:17-76
72-->src/main/AndroidManifest.xml:46:27-74
73            </intent-filter>
74        </activity>
75        <!--
76             Don't delete the meta-data below.
77             This is used by the Flutter tool to generate GeneratedPluginRegistrant.java
78        -->
79        <meta-data
79-->src/main/AndroidManifest.xml:51:9-53:33
80            android:name="flutterEmbedding"
80-->src/main/AndroidManifest.xml:52:13-44
81            android:value="2" />
81-->src/main/AndroidManifest.xml:53:13-30
82        <meta-data
82-->src/main/AndroidManifest.xml:54:8-55:53
83            android:name="com.facebook.sdk.ApplicationId"
83-->src/main/AndroidManifest.xml:54:19-64
84            android:value="@string/facebook_app_id" />
84-->src/main/AndroidManifest.xml:55:12-51
85
86        <activity
86-->src/main/AndroidManifest.xml:57:8-60:47
87            android:name="com.facebook.FacebookActivity"
87-->src/main/AndroidManifest.xml:57:18-62
88            android:configChanges="keyboard|keyboardHidden|screenLayout|screenSize|orientation"
88-->src/main/AndroidManifest.xml:58:12-112
89            android:label="@string/app_name"
89-->src/main/AndroidManifest.xml:60:12-44
90            android:theme="@style/com_facebook_activity_theme" />
90-->[com.facebook.android:facebook-common:11.2.0] AndroidManifest.xml:33:13-63
91        <activity
91-->src/main/AndroidManifest.xml:61:8-70:19
92            android:name="com.facebook.CustomTabActivity"
92-->src/main/AndroidManifest.xml:62:12-57
93            android:exported="true" >
93-->src/main/AndroidManifest.xml:63:12-35
94            <intent-filter>
94-->src/main/AndroidManifest.xml:64:12-69:28
95                <action android:name="android.intent.action.VIEW" />
95-->src/main/AndroidManifest.xml:8:13-65
95-->src/main/AndroidManifest.xml:8:21-62
96
97                <category android:name="android.intent.category.DEFAULT" />
97-->src/main/AndroidManifest.xml:66:16-75
97-->src/main/AndroidManifest.xml:66:26-72
98                <category android:name="android.intent.category.BROWSABLE" />
98-->src/main/AndroidManifest.xml:67:16-77
98-->src/main/AndroidManifest.xml:67:26-74
99
100                <data android:scheme="@string/fb_login_protocol_scheme" />
100-->src/main/AndroidManifest.xml:9:13-44
100-->src/main/AndroidManifest.xml:9:19-41
101            </intent-filter>
102            <intent-filter>
102-->[com.facebook.android:facebook-common:11.2.0] AndroidManifest.xml:39:13-48:29
103                <action android:name="android.intent.action.VIEW" />
103-->src/main/AndroidManifest.xml:8:13-65
103-->src/main/AndroidManifest.xml:8:21-62
104
105                <category android:name="android.intent.category.DEFAULT" />
105-->src/main/AndroidManifest.xml:66:16-75
105-->src/main/AndroidManifest.xml:66:26-72
106                <category android:name="android.intent.category.BROWSABLE" />
106-->src/main/AndroidManifest.xml:67:16-77
106-->src/main/AndroidManifest.xml:67:26-74
107
108                <data
108-->src/main/AndroidManifest.xml:9:13-44
109                    android:host="cct.com.be.desistore"
110                    android:scheme="fbconnect" />
110-->src/main/AndroidManifest.xml:9:19-41
111            </intent-filter>
112        </activity>
113
114        <service
114-->[:firebase_auth] AndroidManifest.xml:8:9-12:19
115            android:name="com.google.firebase.components.ComponentDiscoveryService"
115-->[:firebase_auth] AndroidManifest.xml:8:18-89
116            android:directBootAware="true"
116-->[com.google.firebase:firebase-common:20.0.0] AndroidManifest.xml:35:13-43
117            android:exported="false" >
117-->[com.google.firebase:firebase-auth:21.0.1] AndroidManifest.xml:76:13-37
118            <meta-data
118-->[:firebase_auth] AndroidManifest.xml:9:13-11:85
119                android:name="com.google.firebase.components:io.flutter.plugins.firebase.auth.FlutterFirebaseAuthRegistrar"
119-->[:firebase_auth] AndroidManifest.xml:10:17-124
120                android:value="com.google.firebase.components.ComponentRegistrar" />
120-->[:firebase_auth] AndroidManifest.xml:11:17-82
121            <meta-data
121-->[:firebase_core] AndroidManifest.xml:9:13-11:85
122                android:name="com.google.firebase.components:io.flutter.plugins.firebase.core.FlutterFirebaseCoreRegistrar"
122-->[:firebase_core] AndroidManifest.xml:10:17-124
123                android:value="com.google.firebase.components.ComponentRegistrar" />
123-->[:firebase_core] AndroidManifest.xml:11:17-82
124            <meta-data
124-->[com.google.firebase:firebase-auth:21.0.1] AndroidManifest.xml:77:13-79:85
125                android:name="com.google.firebase.components:com.google.firebase.auth.FirebaseAuthRegistrar"
125-->[com.google.firebase:firebase-auth:21.0.1] AndroidManifest.xml:78:17-109
126                android:value="com.google.firebase.components.ComponentRegistrar" />
126-->[com.google.firebase:firebase-auth:21.0.1] AndroidManifest.xml:79:17-82
127            <meta-data
127-->[com.google.android.gms:play-services-measurement-api:19.0.1] AndroidManifest.xml:30:13-32:85
128                android:name="com.google.firebase.components:com.google.firebase.analytics.connector.internal.AnalyticsConnectorRegistrar"
128-->[com.google.android.gms:play-services-measurement-api:19.0.1] AndroidManifest.xml:31:17-139
129                android:value="com.google.firebase.components.ComponentRegistrar" />
129-->[com.google.android.gms:play-services-measurement-api:19.0.1] AndroidManifest.xml:32:17-82
130            <meta-data
130-->[com.google.firebase:firebase-installations:17.0.0] AndroidManifest.xml:18:13-20:85
131                android:name="com.google.firebase.components:com.google.firebase.installations.FirebaseInstallationsRegistrar"
131-->[com.google.firebase:firebase-installations:17.0.0] AndroidManifest.xml:19:17-127
132                android:value="com.google.firebase.components.ComponentRegistrar" />
132-->[com.google.firebase:firebase-installations:17.0.0] AndroidManifest.xml:20:17-82
133        </service>
134
135        <activity
135-->[:url_launcher] AndroidManifest.xml:8:9-11:74
136            android:name="io.flutter.plugins.urllauncher.WebViewActivity"
136-->[:url_launcher] AndroidManifest.xml:9:13-74
137            android:exported="false"
137-->[:url_launcher] AndroidManifest.xml:10:13-37
138            android:theme="@android:style/Theme.NoTitleBar.Fullscreen" />
138-->[:url_launcher] AndroidManifest.xml:11:13-71
139        <activity android:name="com.facebook.CustomTabMainActivity" />
139-->[com.facebook.android:facebook-common:11.2.0] AndroidManifest.xml:34:9-71
139-->[com.facebook.android:facebook-common:11.2.0] AndroidManifest.xml:34:19-68
140        <!--
141         The initialization ContentProvider will call FacebookSdk.sdkInitialize automatically
142         with the application context. This config is merged in with the host app's manifest,
143         but there can only be one provider with the same authority activated at any given
144         point; so if the end user has two or more different apps that use Facebook SDK, only the
145         first one will be able to use the provider. To work around this problem, we use the
146         following placeholder in the authority to identify each host application as if it was
147         a completely different provider.
148        -->
149        <provider
149-->[com.facebook.android:facebook-core:11.2.0] AndroidManifest.xml:39:9-42:40
150            android:name="com.facebook.internal.FacebookInitProvider"
150-->[com.facebook.android:facebook-core:11.2.0] AndroidManifest.xml:40:13-70
151            android:authorities="com.be.desistore.FacebookInitProvider"
151-->[com.facebook.android:facebook-core:11.2.0] AndroidManifest.xml:41:13-72
152            android:exported="false" />
152-->[com.facebook.android:facebook-core:11.2.0] AndroidManifest.xml:42:13-37
153
154        <receiver
154-->[com.facebook.android:facebook-core:11.2.0] AndroidManifest.xml:44:9-50:20
155            android:name="com.facebook.CurrentAccessTokenExpirationBroadcastReceiver"
155-->[com.facebook.android:facebook-core:11.2.0] AndroidManifest.xml:45:13-86
156            android:exported="false" >
156-->[com.facebook.android:facebook-core:11.2.0] AndroidManifest.xml:46:13-37
157            <intent-filter>
157-->[com.facebook.android:facebook-core:11.2.0] AndroidManifest.xml:47:13-49:29
158                <action android:name="com.facebook.sdk.ACTION_CURRENT_ACCESS_TOKEN_CHANGED" />
158-->[com.facebook.android:facebook-core:11.2.0] AndroidManifest.xml:48:17-95
158-->[com.facebook.android:facebook-core:11.2.0] AndroidManifest.xml:48:25-92
159            </intent-filter>
160        </receiver>
161
162        <activity
162-->[com.google.firebase:firebase-auth:21.0.1] AndroidManifest.xml:27:9-44:20
163            android:name="com.google.firebase.auth.internal.GenericIdpActivity"
163-->[com.google.firebase:firebase-auth:21.0.1] AndroidManifest.xml:28:13-80
164            android:excludeFromRecents="true"
164-->[com.google.firebase:firebase-auth:21.0.1] AndroidManifest.xml:29:13-46
165            android:exported="true"
165-->[com.google.firebase:firebase-auth:21.0.1] AndroidManifest.xml:30:13-36
166            android:launchMode="singleTask"
166-->[com.google.firebase:firebase-auth:21.0.1] AndroidManifest.xml:31:13-44
167            android:theme="@android:style/Theme.Translucent.NoTitleBar" >
167-->[com.google.firebase:firebase-auth:21.0.1] AndroidManifest.xml:32:13-72
168            <intent-filter>
168-->[com.google.firebase:firebase-auth:21.0.1] AndroidManifest.xml:33:13-43:29
169                <action android:name="android.intent.action.VIEW" />
169-->src/main/AndroidManifest.xml:8:13-65
169-->src/main/AndroidManifest.xml:8:21-62
170
171                <category android:name="android.intent.category.DEFAULT" />
171-->src/main/AndroidManifest.xml:66:16-75
171-->src/main/AndroidManifest.xml:66:26-72
172                <category android:name="android.intent.category.BROWSABLE" />
172-->src/main/AndroidManifest.xml:67:16-77
172-->src/main/AndroidManifest.xml:67:26-74
173
174                <data
174-->src/main/AndroidManifest.xml:9:13-44
175                    android:host="firebase.auth"
176                    android:path="/"
177                    android:scheme="genericidp" />
177-->src/main/AndroidManifest.xml:9:19-41
178            </intent-filter>
179        </activity>
180        <activity
180-->[com.google.firebase:firebase-auth:21.0.1] AndroidManifest.xml:45:9-62:20
181            android:name="com.google.firebase.auth.internal.RecaptchaActivity"
181-->[com.google.firebase:firebase-auth:21.0.1] AndroidManifest.xml:46:13-79
182            android:excludeFromRecents="true"
182-->[com.google.firebase:firebase-auth:21.0.1] AndroidManifest.xml:47:13-46
183            android:exported="true"
183-->[com.google.firebase:firebase-auth:21.0.1] AndroidManifest.xml:48:13-36
184            android:launchMode="singleTask"
184-->[com.google.firebase:firebase-auth:21.0.1] AndroidManifest.xml:49:13-44
185            android:theme="@android:style/Theme.Translucent.NoTitleBar" >
185-->[com.google.firebase:firebase-auth:21.0.1] AndroidManifest.xml:50:13-72
186            <intent-filter>
186-->[com.google.firebase:firebase-auth:21.0.1] AndroidManifest.xml:51:13-61:29
187                <action android:name="android.intent.action.VIEW" />
187-->src/main/AndroidManifest.xml:8:13-65
187-->src/main/AndroidManifest.xml:8:21-62
188
189                <category android:name="android.intent.category.DEFAULT" />
189-->src/main/AndroidManifest.xml:66:16-75
189-->src/main/AndroidManifest.xml:66:26-72
190                <category android:name="android.intent.category.BROWSABLE" />
190-->src/main/AndroidManifest.xml:67:16-77
190-->src/main/AndroidManifest.xml:67:26-74
191
192                <data
192-->src/main/AndroidManifest.xml:9:13-44
193                    android:host="firebase.auth"
194                    android:path="/"
195                    android:scheme="recaptcha" />
195-->src/main/AndroidManifest.xml:9:19-41
196            </intent-filter>
197        </activity>
198
199        <service
199-->[com.google.firebase:firebase-auth:21.0.1] AndroidManifest.xml:64:9-73:19
200            android:name="com.google.firebase.auth.api.fallback.service.FirebaseAuthFallbackService"
200-->[com.google.firebase:firebase-auth:21.0.1] AndroidManifest.xml:65:13-101
201            android:enabled="true"
201-->[com.google.firebase:firebase-auth:21.0.1] AndroidManifest.xml:66:13-35
202            android:exported="false" >
202-->[com.google.firebase:firebase-auth:21.0.1] AndroidManifest.xml:67:13-37
203            <intent-filter>
203-->[com.google.firebase:firebase-auth:21.0.1] AndroidManifest.xml:68:13-72:29
204                <action android:name="com.google.firebase.auth.api.gms.service.START" />
204-->[com.google.firebase:firebase-auth:21.0.1] AndroidManifest.xml:69:17-89
204-->[com.google.firebase:firebase-auth:21.0.1] AndroidManifest.xml:69:25-86
205
206                <category android:name="android.intent.category.DEFAULT" />
206-->src/main/AndroidManifest.xml:66:16-75
206-->src/main/AndroidManifest.xml:66:26-72
207            </intent-filter>
208        </service>
209
210        <provider
210-->[com.google.firebase:firebase-common:20.0.0] AndroidManifest.xml:26:9-31:39
211            android:name="com.google.firebase.provider.FirebaseInitProvider"
211-->[com.google.firebase:firebase-common:20.0.0] AndroidManifest.xml:27:13-77
212            android:authorities="com.be.desistore.firebaseinitprovider"
212-->[com.google.firebase:firebase-common:20.0.0] AndroidManifest.xml:28:13-72
213            android:directBootAware="true"
213-->[com.google.firebase:firebase-common:20.0.0] AndroidManifest.xml:29:13-43
214            android:exported="false"
214-->[com.google.firebase:firebase-common:20.0.0] AndroidManifest.xml:30:13-37
215            android:initOrder="100" />
215-->[com.google.firebase:firebase-common:20.0.0] AndroidManifest.xml:31:13-36
216
217        <activity
217-->[com.google.android.gms:play-services-auth:16.0.1] AndroidManifest.xml:23:9-27:75
218            android:name="com.google.android.gms.auth.api.signin.internal.SignInHubActivity"
218-->[com.google.android.gms:play-services-auth:16.0.1] AndroidManifest.xml:24:13-93
219            android:excludeFromRecents="true"
219-->[com.google.android.gms:play-services-auth:16.0.1] AndroidManifest.xml:25:13-46
220            android:exported="false"
220-->[com.google.android.gms:play-services-auth:16.0.1] AndroidManifest.xml:26:13-37
221            android:theme="@android:style/Theme.Translucent.NoTitleBar" />
221-->[com.google.android.gms:play-services-auth:16.0.1] AndroidManifest.xml:27:13-72
222        <!--
223            Service handling Google Sign-In user revocation. For apps that do not integrate with
224            Google Sign-In, this service will never be started.
225        -->
226        <service
226-->[com.google.android.gms:play-services-auth:16.0.1] AndroidManifest.xml:33:9-36:110
227            android:name="com.google.android.gms.auth.api.signin.RevocationBoundService"
227-->[com.google.android.gms:play-services-auth:16.0.1] AndroidManifest.xml:34:13-89
228            android:exported="true"
228-->[com.google.android.gms:play-services-auth:16.0.1] AndroidManifest.xml:35:13-36
229            android:permission="com.google.android.gms.auth.api.signin.permission.REVOCATION_NOTIFICATION" />
229-->[com.google.android.gms:play-services-auth:16.0.1] AndroidManifest.xml:36:13-107
230
231        <activity
231-->[com.google.android.gms:play-services-base:17.1.0] AndroidManifest.xml:23:9-26:75
232            android:name="com.google.android.gms.common.api.GoogleApiActivity"
232-->[com.google.android.gms:play-services-base:17.1.0] AndroidManifest.xml:24:13-79
233            android:exported="false"
233-->[com.google.android.gms:play-services-base:17.1.0] AndroidManifest.xml:25:13-37
234            android:theme="@android:style/Theme.Translucent.NoTitleBar" />
234-->[com.google.android.gms:play-services-base:17.1.0] AndroidManifest.xml:26:13-72
235
236        <receiver
236-->[com.google.android.gms:play-services-measurement:19.0.1] AndroidManifest.xml:29:9-33:20
237            android:name="com.google.android.gms.measurement.AppMeasurementReceiver"
237-->[com.google.android.gms:play-services-measurement:19.0.1] AndroidManifest.xml:30:13-85
238            android:enabled="true"
238-->[com.google.android.gms:play-services-measurement:19.0.1] AndroidManifest.xml:31:13-35
239            android:exported="false" >
239-->[com.google.android.gms:play-services-measurement:19.0.1] AndroidManifest.xml:32:13-37
240        </receiver>
241
242        <service
242-->[com.google.android.gms:play-services-measurement:19.0.1] AndroidManifest.xml:35:9-38:40
243            android:name="com.google.android.gms.measurement.AppMeasurementService"
243-->[com.google.android.gms:play-services-measurement:19.0.1] AndroidManifest.xml:36:13-84
244            android:enabled="true"
244-->[com.google.android.gms:play-services-measurement:19.0.1] AndroidManifest.xml:37:13-35
245            android:exported="false" />
245-->[com.google.android.gms:play-services-measurement:19.0.1] AndroidManifest.xml:38:13-37
246        <service
246-->[com.google.android.gms:play-services-measurement:19.0.1] AndroidManifest.xml:39:9-43:72
247            android:name="com.google.android.gms.measurement.AppMeasurementJobService"
247-->[com.google.android.gms:play-services-measurement:19.0.1] AndroidManifest.xml:40:13-87
248            android:enabled="true"
248-->[com.google.android.gms:play-services-measurement:19.0.1] AndroidManifest.xml:41:13-35
249            android:exported="false"
249-->[com.google.android.gms:play-services-measurement:19.0.1] AndroidManifest.xml:42:13-37
250            android:permission="android.permission.BIND_JOB_SERVICE" />
250-->[com.google.android.gms:play-services-measurement:19.0.1] AndroidManifest.xml:43:13-69
251
252        <meta-data
252-->[com.google.android.gms:play-services-basement:17.1.0] AndroidManifest.xml:23:9-25:69
253            android:name="com.google.android.gms.version"
253-->[com.google.android.gms:play-services-basement:17.1.0] AndroidManifest.xml:24:13-58
254            android:value="@integer/google_play_services_version" />
254-->[com.google.android.gms:play-services-basement:17.1.0] AndroidManifest.xml:25:13-66
255    </application>
256
257</manifest>